2025-01-31 19:03:42 [main] INFO  WebScraper - File Saved! /Users/eniac/Projects/tecnologiadevalor/DomainChecker/src/main/resources/output/domains2025-01-31T19:03:39.942576.txt
2025-01-31 19:05:18 [main] INFO  WebScraper - File Saved! /Users/eniac/Projects/tecnologiadevalor/DomainChecker/src/main/resources/output/domains2025-01-31T19:05:16.112952.txt
2025-01-31 19:06:25 [main] INFO  WebScraper - File Saved! /Users/eniac/Projects/tecnologiadevalor/DomainChecker/src/main/resources/output/domains2025-01-31T19:06:23.030548.txt
2025-01-31 19:07:16 [main] INFO  WebScraper - File Saved! /Users/eniac/Projects/tecnologiadevalor/DomainChecker/src/main/resources/output/domains2025-01-31T19:07:13.621397.txt
2025-01-31 19:09:20 [main] INFO  WebScraper - File Saved! /Users/eniac/Projects/tecnologiadevalor/DomainChecker/src/main/resources/output/domains2025-01-31T19:09:16.548046.txt
2025-01-31 19:10:23 [main] INFO  WebScraper - File Saved! /Users/eniac/Projects/tecnologiadevalor/DomainChecker/src/main/resources/output/artists.txt
2025-01-31 19:14:59 [main] INFO  WebScraper - Scraper inicialized...
2025-01-31 19:15:02 [main] INFO  WebScraper - File Saved! /Users/eniac/Projects/tecnologiadevalor/DomainChecker/src/main/resources/output/artists.txt
2025-01-31 19:15:02 [main] INFO  WebScraper - Checking if it is available ...
2025-01-31 19:15:20 [main] INFO  DomainCheckerService - [Avaliable]	tydollaign.com
2025-01-31 19:15:24 [main] INFO  DomainCheckerService - [Avaliable]	aaprocky.com
2025-01-31 19:15:29 [main] INFO  DomainCheckerService - [Avaliable]	uicideboy.com
2025-01-31 19:15:30 [main] INFO  DomainCheckerService - [Avaliable]	arcngel.com
2025-01-31 19:15:52 [main] INFO  DomainCheckerService - [Avaliable]	lennytavrez.com
2025-01-31 19:15:53 [main] INFO  DomainCheckerService - [Avaliable]	bobmarleythewailers.com
2025-01-31 19:15:58 [main] INFO  DomainCheckerService - [Avaliable]	michaelbubl.com
2025-01-31 19:16:01 [main] INFO  DomainCheckerService - [Avaliable]	bandamsdesergiolizrraga.com
2025-01-31 19:16:02 [main] INFO  DomainCheckerService - [Avaliable]	zionlennox.com
2025-01-31 19:16:11 [main] INFO  DomainCheckerService - [Avaliable]	wisinyandel.com
2025-01-31 19:16:17 [main] INFO  DomainCheckerService - [Avaliable]	engoflow.com
2025-01-31 19:20:36 [main] INFO  WebScraper - Scraper inicialized...
2025-01-31 19:20:40 [main] INFO  WebScraper - File Saved! /Users/eniac/Projects/tecnologiadevalor/DomainChecker/src/main/resources/output/artists.txt
2025-01-31 19:20:40 [main] INFO  WebScraper - Checking if it is available ...
2025-01-31 19:20:57 [main] INFO  DomainCheckerService - [Avaliable]	tydollaign.com
2025-01-31 19:21:02 [main] INFO  DomainCheckerService - [Avaliable]	aaprocky.com
2025-01-31 19:21:06 [main] INFO  DomainCheckerService - [Avaliable]	uicideboy.com
2025-01-31 19:21:07 [main] INFO  DomainCheckerService - [Avaliable]	arcngel.com
2025-01-31 19:21:18 [main] INFO  DomainCheckerService - [Avaliable]	henriquejuliano.com
2025-01-31 19:21:50 [main] INFO  DomainCheckerService - [Avaliable]	engoflow.com
2025-01-31 19:21:55 [main] INFO  DomainCheckerService - [Avaliable]	znetocristiano.com
2025-01-31 19:22:00 [main] INFO  DomainCheckerService - [Avaliable]	mneskin.com
2025-01-31 19:22:02 [main] INFO  DomainCheckerService - [Avaliable]	matheuskauan.com
2025-01-31 19:22:07 [main] INFO  DomainCheckerService - [Avaliable]	florencethemachine.com
2025-01-31 19:22:15 [main] INFO  DomainCheckerService - [Avaliable]	alejandrofernndez.com
2025-01-31 19:22:17 [main] INFO  DomainCheckerService - [Avaliable]	maiaramaraisa.com
2025-01-31 19:22:49 [main] INFO  DomainCheckerService - [Avaliable]	aapferg.com
2025-01-31 19:23:08 [main] INFO  DomainCheckerService - [Avaliable]	marcoantoniosols.com
2025-01-31 19:23:12 [main] INFO  DomainCheckerService - [Avaliable]	lusasonza.com
2025-01-31 19:23:17 [main] INFO  DomainCheckerService - [Avaliable]	juanmagn.com
2025-01-31 19:23:49 [main] INFO  DomainCheckerService - [Avaliable]	hillsongunited.com
2025-01-31 19:23:51 [main] INFO  DomainCheckerService - [Avaliable]	elleyduh.com
2025-01-31 19:23:51 [main] INFO  DomainCheckerService - [Avaliable]	dmeloflow.com
2025-01-31 19:23:52 [main] INFO  DomainCheckerService - [Avaliable]	l7nnon.com
2025-01-31 19:24:01 [main] INFO  DomainCheckerService - [Avaliable]	gustavomioto.com
2025-01-31 19:24:03 [main] INFO  DomainCheckerService - [Avaliable]	ollyalexanderyearsyears.com
2025-01-31 19:24:08 [main] INFO  DomainCheckerService - [Avaliable]	thegoogoodolls.com
2025-01-31 19:24:09 [main] INFO  DomainCheckerService - [Avaliable]	caspermagico.com
2025-01-31 19:24:11 [main] INFO  DomainCheckerService - [Avaliable]	guilhermebenuto.com
2025-01-31 19:24:11 [main] INFO  DomainCheckerService - [Avaliable]	grupomenosmais.com
2025-01-31 19:26:22 [main] INFO  WebScraper - Scraper inicialized...
2025-01-31 19:26:28 [main] INFO  WebScraper - File Saved! /Users/eniac/Projects/tecnologiadevalor/DomainChecker/src/main/resources/output/artists.txt
2025-01-31 19:26:28 [main] INFO  WebScraper - Checking if it is available ...
2025-01-31 19:26:45 [main] INFO  DomainCheckerService - [Avaliable]	tydollaign.com
2025-01-31 19:26:50 [main] INFO  DomainCheckerService - [Avaliable]	aaprocky.com
2025-01-31 19:26:54 [main] INFO  DomainCheckerService - [Avaliable]	uicideboy.com
2025-01-31 19:26:55 [main] INFO  DomainCheckerService - [Avaliable]	arcngel.com
2025-01-31 19:27:24 [main] INFO  DomainCheckerService - [Avaliable]	michaelbubl.com
2025-01-31 19:27:28 [main] INFO  DomainCheckerService - [Avaliable]	bandamsdesergiolizrraga.com
2025-01-31 19:27:31 [main] INFO  DomainCheckerService - [Avaliable]	zionlennox.com
2025-01-31 19:27:40 [main] INFO  DomainCheckerService - [Avaliable]	wisinyandel.com
2025-01-31 19:27:47 [main] INFO  DomainCheckerService - [Avaliable]	engoflow.com
2025-01-31 19:27:52 [main] INFO  DomainCheckerService - [Avaliable]	znetocristiano.com
2025-01-31 19:28:23 [main] INFO  DomainCheckerService - [Avaliable]	djluian.com
2025-01-31 19:28:27 [main] INFO  DomainCheckerService - [Avaliable]	julinlvarezysunorteobanda.com
2025-01-31 19:28:29 [main] INFO  DomainCheckerService - [Avaliable]	wesleysafado.com
2025-01-31 19:28:30 [main] INFO  DomainCheckerService - [Avaliable]	losngelesazules.com
2025-01-31 19:28:31 [main] INFO  DomainCheckerService - [Avaliable]	vicentefernndez.com
2025-01-31 19:28:35 [main] INFO  DomainCheckerService - [Avaliable]	clinedion.com
2025-01-31 19:28:41 [main] INFO  DomainCheckerService - [Avaliable]	originalbroadwaycastofhamilton.com
2025-01-31 19:28:42 [main] INFO  DomainCheckerService - [Avaliable]	pabloalborn.com
2025-01-31 19:28:49 [main] INFO  DomainCheckerService - [Avaliable]	aapferg.com
2025-01-31 19:28:58 [main] INFO  WebScraper - Scraper inicialized...
2025-01-31 19:29:02 [main] INFO  WebScraper - File Saved! /Users/eniac/Projects/tecnologiadevalor/DomainChecker/src/main/resources/output/artists.txt
2025-01-31 19:29:02 [main] INFO  WebScraper - Checking if it is available ...
2025-01-31 19:29:23 [main] INFO  DomainCheckerService - [Avaliable]	aaprocky.com
2025-01-31 19:29:27 [main] INFO  DomainCheckerService - [Avaliable]	uicideboy.com
2025-01-31 19:29:28 [main] INFO  DomainCheckerService - [Avaliable]	arcngel.com
2025-01-31 19:30:20 [main] INFO  WebScraper - Scraper inicialized...
2025-01-31 19:30:23 [main] INFO  WebScraper - File Saved! /Users/eniac/Projects/tecnologiadevalor/DomainChecker/src/main/resources/output/artists.txt
2025-01-31 19:30:23 [main] INFO  WebScraper - Checking if it is available ...
2025-01-31 19:30:40 [main] INFO  DomainCheckerService - [Avaliable]	tydollaign.com
2025-01-31 19:30:46 [main] INFO  DomainCheckerService - [Avaliable]	aaprocky.com
2025-01-31 19:30:50 [main] INFO  DomainCheckerService - [Avaliable]	uicideboy.com
2025-01-31 19:30:52 [main] INFO  DomainCheckerService - [Avaliable]	arcngel.com
2025-01-31 19:31:23 [main] INFO  DomainCheckerService - [Avaliable]	bandamsdesergiolizrraga.com
2025-01-31 19:31:24 [main] INFO  DomainCheckerService - [Avaliable]	zionlennox.com
2025-01-31 19:31:33 [main] INFO  DomainCheckerService - [Avaliable]	wisinyandel.com
2025-01-31 19:31:40 [main] INFO  DomainCheckerService - [Avaliable]	engoflow.com
2025-01-31 19:31:45 [main] INFO  DomainCheckerService - [Avaliable]	znetocristiano.com
2025-01-31 19:31:50 [main] INFO  DomainCheckerService - [Avaliable]	mneskin.com
2025-01-31 19:31:53 [main] INFO  DomainCheckerService - [Avaliable]	matheuskauan.com
2025-01-31 19:32:25 [main] INFO  DomainCheckerService - [Avaliable]	losngelesazules.com
2025-01-31 19:32:26 [main] INFO  DomainCheckerService - [Avaliable]	vicentefernndez.com
2025-01-31 19:32:30 [main] INFO  DomainCheckerService - [Avaliable]	clinedion.com
2025-01-31 19:32:36 [main] INFO  DomainCheckerService - [Avaliable]	originalbroadwaycastofhamilton.com
2025-01-31 19:32:37 [main] INFO  DomainCheckerService - [Avaliable]	pabloalborn.com
2025-01-31 19:32:44 [main] INFO  DomainCheckerService - [Avaliable]	aapferg.com
2025-01-31 19:33:24 [main] INFO  DomainCheckerService - [Avaliable]	mcdonjuan.com
2025-01-31 19:33:30 [main] INFO  DomainCheckerService - [Avaliable]	dimitrivegaslikemike.com
2025-01-31 19:33:31 [main] INFO  DomainCheckerService - [Avaliable]	dilsinho.com
2025-01-31 19:33:40 [main] INFO  DomainCheckerService - [Avaliable]	osbaresdapisadinha.com
2025-01-31 19:33:43 [main] INFO  DomainCheckerService - [Avaliable]	elleyduh.com
2025-01-31 19:33:43 [main] INFO  DomainCheckerService - [Avaliable]	dmeloflow.com
2025-01-31 19:33:44 [main] INFO  DomainCheckerService - [Avaliable]	l7nnon.com
2025-01-31 19:33:53 [main] INFO  DomainCheckerService - [Avaliable]	gustavomioto.com
2025-01-31 19:33:55 [main] INFO  DomainCheckerService - [Avaliable]	ollyalexanderyearsyears.com
2025-01-31 19:34:25 [main] INFO  DomainCheckerService - [Avaliable]	jessadrinromero.com
2025-01-31 19:34:32 [main] INFO  DomainCheckerService - [Avaliable]	anavitria.com
2025-01-31 19:34:33 [main] INFO  DomainCheckerService - [Avaliable]	kayblack.com
2025-01-31 19:34:38 [main] INFO  DomainCheckerService - [Avaliable]	summercem.com
2025-01-31 19:34:40 [main] INFO  DomainCheckerService - [Avaliable]	sashaalexsloan.com
2025-01-31 19:34:43 [main] INFO  DomainCheckerService - [Avaliable]	thepussycatdolls.com
2025-01-31 19:34:43 [main] INFO  DomainCheckerService - [Avaliable]	diegovictorhugo.com
2025-01-31 19:34:48 [main] INFO  DomainCheckerService - [Avaliable]	mckevinho.com
2025-01-31 19:34:54 [main] INFO  DomainCheckerService - [Avaliable]	edenmuoz.com
2025-01-31 19:34:55 [main] INFO  DomainCheckerService - [Avaliable]	lofifruitsmusic.com
2025-01-31 19:35:25 [main] INFO  DomainCheckerService - [Avaliable]	zfelipe.com
2025-01-31 19:35:26 [main] INFO  DomainCheckerService - [Avaliable]	cardenalesdenuevolen.com
2025-01-31 19:35:27 [main] INFO  DomainCheckerService - [Avaliable]	sandrocavazza.com
2025-01-31 19:35:31 [main] INFO  DomainCheckerService - [Avaliable]	evalunamontaner.com
2025-01-31 19:35:33 [main] INFO  DomainCheckerService - [Avaliable]	caftacvba.com
2025-01-31 19:35:35 [main] INFO  DomainCheckerService - [Avaliable]	sachettandon.com
2025-01-31 19:35:36 [main] INFO  DomainCheckerService - [Avaliable]	tarcsiodoacordeon.com
2025-01-31 19:35:39 [main] INFO  DomainCheckerService - [Avaliable]	mclivinho.com
2025-01-31 19:35:42 [main] INFO  DomainCheckerService - [Avaliable]	pineapplestormtv.com
2025-01-31 19:35:47 [main] INFO  DomainCheckerService - [Avaliable]	ronnieflex.com
2025-01-31 19:35:48 [main] INFO  DomainCheckerService - [Avaliable]	ellaeyre.com
2025-01-31 19:35:51 [main] INFO  DomainCheckerService - [Avaliable]	rocodrcal.com
2025-01-31 19:35:52 [main] INFO  DomainCheckerService - [Avaliable]	joaqunsabina.com
2025-01-31 19:35:53 [main] INFO  DomainCheckerService - [Avaliable]	losantana.com
2025-01-31 19:35:53 [main] INFO  DomainCheckerService - [Avaliable]	laloebratt.com
2025-01-31 19:36:24 [main] INFO  DomainCheckerService - [Avaliable]	williecoln.com
2025-01-31 19:36:25 [main] INFO  DomainCheckerService - [Avaliable]	lenlarregui.com
2025-01-31 19:36:28 [main] INFO  DomainCheckerService - [Avaliable]	antniocarlosjobim.com
2025-01-31 19:36:30 [main] INFO  DomainCheckerService - [Avaliable]	mcpaivazs.com
2025-01-31 19:36:32 [main] INFO  DomainCheckerService - [Avaliable]	arielcamachoylosplebesdelrancho.com
2025-01-31 19:36:33 [main] INFO  DomainCheckerService - [Avaliable]	omarvarela.com
2025-01-31 19:36:34 [main] INFO  DomainCheckerService - [Avaliable]	miguelbos.com
2025-01-31 19:36:35 [main] INFO  DomainCheckerService - [Avaliable]	emelisand.com
2025-01-31 19:36:35 [main] INFO  DomainCheckerService - [Avaliable]	tzdacoronel.com
2025-01-31 19:36:36 [main] INFO  DomainCheckerService - [Avaliable]	djonga.com
2025-01-31 19:36:37 [main] INFO  DomainCheckerService - [Avaliable]	benyjr.com
2025-01-31 19:36:37 [main] INFO  DomainCheckerService - [Avaliable]	wallhein.com
2025-01-31 19:36:37 [main] INFO  DomainCheckerService - [Avaliable]	harrisjayaraj.com
2025-01-31 19:36:38 [main] INFO  DomainCheckerService - [Avaliable]	pailita.com
2025-01-31 19:36:38 [main] INFO  DomainCheckerService - [Avaliable]	rainbowkittensurprise.com
2025-01-31 19:36:41 [main] INFO  DomainCheckerService - [Avaliable]	losfabulososcadillacs.com
2025-01-31 19:36:41 [main] INFO  DomainCheckerService - [Avaliable]	londonsymphonyorchestra.com
2025-01-31 19:36:42 [main] INFO  DomainCheckerService - [Avaliable]	dancefruitsmusic.com
2025-01-31 19:36:46 [main] INFO  DomainCheckerService - [Avaliable]	bedoes2115.com
2025-01-31 19:36:49 [main] INFO  DomainCheckerService - [Avaliable]	legiourbana.com
2025-01-31 19:36:52 [main] INFO  DomainCheckerService - [Avaliable]	mgodeoz.com
2025-01-31 19:36:53 [main] INFO  DomainCheckerService - [Avaliable]	simonesimaria.com
2025-01-31 19:37:24 [main] INFO  DomainCheckerService - [Avaliable]	thamans.com
2025-01-31 19:37:25 [main] INFO  DomainCheckerService - [Avaliable]	mcdavi.com
2025-01-31 19:37:30 [main] INFO  DomainCheckerService - [Avaliable]	zvaqueiro.com
2025-01-31 19:37:35 [main] INFO  DomainCheckerService - [Avaliable]	zezdicamargoluciano.com
2025-01-31 19:37:36 [main] INFO  DomainCheckerService - [Avaliable]	christianchvez.com
2025-01-31 19:37:40 [main] INFO  DomainCheckerService - [Avaliable]	christophervonuckermann.com
2025-01-31 19:37:41 [main] INFO  DomainCheckerService - [Avaliable]	mikebaha.com
2025-01-31 19:37:47 [main] INFO  DomainCheckerService - [Avaliable]	josgonzlez.com
2025-01-31 19:37:53 [main] INFO  DomainCheckerService - [Avaliable]	koolthegang.com
2025-01-31 19:37:55 [main] INFO  DomainCheckerService - [Avaliable]	themamasthepapas.com
2025-01-31 19:38:25 [main] INFO  DomainCheckerService - [Avaliable]	arthurnery.com
2025-01-31 19:38:27 [main] INFO  DomainCheckerService - [Avaliable]	patricioreyysusredonditosdericota.com
2025-01-31 19:38:27 [main] INFO  DomainCheckerService - [Avaliable]	marajos.com
2025-01-31 19:38:30 [main] INFO  DomainCheckerService - [Avaliable]	chasestatus.com
2025-01-31 19:38:33 [main] INFO  DomainCheckerService - [Avaliable]	elcuartetodenos.com
2025-01-31 19:38:35 [main] INFO  DomainCheckerService - [Avaliable]	netopea.com
2025-01-31 19:38:37 [main] INFO  DomainCheckerService - [Avaliable]	jawsh685.com
2025-01-31 19:38:37 [main] INFO  DomainCheckerService - [Avaliable]	mctuto.com
2025-01-31 19:38:40 [main] INFO  DomainCheckerService - [Avaliable]	nikhitagandhi.com
2025-01-31 19:38:41 [main] INFO  DomainCheckerService - [Avaliable]	mcpozedorodo.com
2025-01-31 19:38:42 [main] INFO  DomainCheckerService - [Avaliable]	jasielnuez.com
2025-01-31 19:38:43 [main] INFO  DomainCheckerService - [Avaliable]	panchobarraza.com
2025-01-31 19:38:44 [main] INFO  DomainCheckerService - [Avaliable]	dipropsito.com
2025-01-31 19:38:46 [main] INFO  DomainCheckerService - [Avaliable]	payaldev.com
2025-01-31 19:38:50 [main] INFO  DomainCheckerService - [Avaliable]	paramparatandon.com
2025-01-31 19:38:53 [main] INFO  DomainCheckerService - [Avaliable]	lucassteve.com
2025-01-31 19:38:55 [main] INFO  DomainCheckerService - [Avaliable]	miksumacloud.com
2025-01-31 19:38:57 [main] INFO  DomainCheckerService - [Avaliable]	pereradj.com
2025-01-31 19:39:25 [main] INFO  DomainCheckerService - [Avaliable]	hillsongyoungfree.com
2025-01-31 19:39:26 [main] INFO  DomainCheckerService - [Avaliable]	inawroldsen.com
2025-01-31 19:39:29 [main] INFO  DomainCheckerService - [Avaliable]	aapmob.com
2025-01-31 19:39:31 [main] INFO  DomainCheckerService - [Avaliable]	rasaiarodada.com
2025-01-31 19:39:32 [main] INFO  DomainCheckerService - [Avaliable]	forkingcountry.com
2025-01-31 19:39:39 [main] INFO  DomainCheckerService - [Avaliable]	sachetparampara.com
2025-01-31 19:39:41 [main] INFO  DomainCheckerService - [Avaliable]	pyotrilyichtchaikovsky.com
2025-01-31 19:39:42 [main] INFO  DomainCheckerService - [Avaliable]	joryboy.com
2025-01-31 19:39:43 [main] INFO  DomainCheckerService - [Avaliable]	boywondercf.com
2025-01-31 19:39:46 [main] INFO  DomainCheckerService - [Avaliable]	mslmgrses.com
2025-01-31 19:39:46 [main] INFO  DomainCheckerService - [Avaliable]	charlygarca.com
2025-01-31 19:39:47 [main] INFO  DomainCheckerService - [Avaliable]	yzyzeykenkonuuruz.com
2025-01-31 19:39:50 [main] INFO  DomainCheckerService - [Avaliable]	mcpedrinho.com
2025-01-31 19:39:52 [main] INFO  DomainCheckerService - [Avaliable]	victoriamont.com
2025-01-31 19:39:53 [main] INFO  DomainCheckerService - [Avaliable]	hkanhellstrm.com
2025-01-31 19:39:53 [main] INFO  DomainCheckerService - [Avaliable]	marcosbelutti.com
2025-01-31 19:39:53 [main] INFO  DomainCheckerService - [Avaliable]	jseanlog.com
2025-01-31 19:39:55 [main] INFO  DomainCheckerService - [Avaliable]	cdigofn.com
2025-01-31 19:39:56 [main] INFO  DomainCheckerService - [Avaliable]	jatinlalit.com
2025-01-31 19:39:56 [main] INFO  DomainCheckerService - [Avaliable]	lafurarnalds.com
2025-01-31 19:39:58 [main] INFO  DomainCheckerService - [Avaliable]	freezecorleone.com
2025-01-31 19:40:26 [main] INFO  DomainCheckerService - [Avaliable]	toohort.com
2025-01-31 19:40:26 [main] INFO  DomainCheckerService - [Avaliable]	ejodalmata.com
2025-01-31 19:40:26 [main] INFO  DomainCheckerService - [Avaliable]	silviorodrguez.com
2025-01-31 19:40:27 [main] INFO  DomainCheckerService - [Avaliable]	salvemalak.com
2025-01-31 19:40:30 [main] INFO  DomainCheckerService - [Avaliable]	raanegra.com
2025-01-31 19:40:31 [main] INFO  DomainCheckerService - [Avaliable]	reidenshi.com
2025-01-31 19:40:32 [main] INFO  DomainCheckerService - [Avaliable]	josluisperales.com
2025-01-31 19:40:34 [main] INFO  DomainCheckerService - [Avaliable]	takagiketra.com
2025-01-31 19:40:36 [main] INFO  DomainCheckerService - [Avaliable]	josfeliciano.com
2025-01-31 19:40:37 [main] INFO  DomainCheckerService - [Avaliable]	sevnalias.com
2025-01-31 19:40:38 [main] INFO  DomainCheckerService - [Avaliable]	grupocodiciado.com
2025-01-31 19:40:47 [main] INFO  DomainCheckerService - [Avaliable]	cruzcafun.com
2025-01-31 19:40:47 [main] INFO  DomainCheckerService - [Avaliable]	highschoolmusicalcast.com
2025-01-31 19:40:47 [main] INFO  DomainCheckerService - [Avaliable]	kianaled.com
2025-01-31 19:40:51 [main] INFO  DomainCheckerService - [Avaliable]	dawidpodsiado.com
2025-01-31 19:40:54 [main] INFO  DomainCheckerService - [Avaliable]	vanesamartn.com
2025-01-31 19:40:56 [main] INFO  DomainCheckerService - [Avaliable]	febyputri.com
2025-01-31 19:40:56 [main] INFO  DomainCheckerService - [Avaliable]	frahquintale.com
2025-01-31 19:40:57 [main] INFO  DomainCheckerService - [Avaliable]	bandapequeosmusical.com
2025-01-31 19:41:25 [main] INFO  DomainCheckerService - [Avaliable]	mcjacare.com
2025-01-31 19:41:27 [main] INFO  DomainCheckerService - [Avaliable]	joogilberto.com
2025-01-31 19:41:27 [main] INFO  DomainCheckerService - [Avaliable]	caioluccas.com
2025-01-31 19:41:30 [main] INFO  DomainCheckerService - [Avaliable]	luccascarlos.com
2025-01-31 19:41:32 [main] INFO  DomainCheckerService - [Avaliable]	yxngbane.com
2025-01-31 19:41:32 [main] INFO  DomainCheckerService - [Avaliable]	jazminesullivan.com
2025-01-31 19:41:34 [main] INFO  DomainCheckerService - [Avaliable]	ximenasariana.com
2025-01-31 19:41:35 [main] INFO  DomainCheckerService - [Avaliable]	hctorlavoe.com
2025-01-31 19:41:37 [main] INFO  DomainCheckerService - [Avaliable]	indiamartinez.com
2025-01-31 19:41:38 [main] INFO  DomainCheckerService - [Avaliable]	enigmanorteo.com
2025-01-31 19:41:39 [main] INFO  DomainCheckerService - [Avaliable]	blueystercult.com
2025-01-31 19:41:40 [main] INFO  DomainCheckerService - [Avaliable]	marcsegu.com
2025-01-31 19:41:41 [main] INFO  DomainCheckerService - [Avaliable]	josalfredojimenez.com
2025-01-31 19:41:42 [main] INFO  DomainCheckerService - [Avaliable]	zeynepbastk.com
2025-01-31 19:41:42 [main] INFO  DomainCheckerService - [Avaliable]	hueylewisthenews.com
2025-01-31 19:41:44 [main] INFO  DomainCheckerService - [Avaliable]	henriquediego.com
2025-01-31 19:41:44 [main] INFO  DomainCheckerService - [Avaliable]	jairovera.com
2025-01-31 19:41:46 [main] INFO  DomainCheckerService - [Avaliable]	neopistea.com
2025-01-31 19:41:50 [main] INFO  DomainCheckerService - [Avaliable]	virgoun.com
2025-01-31 19:41:52 [main] INFO  DomainCheckerService - [Avaliable]	jooboscovinicius.com
2025-01-31 19:42:27 [main] INFO  DomainCheckerService - [Avaliable]	luisalfonsopartidaelyaki.com
2025-01-31 19:42:31 [main] INFO  DomainCheckerService - [Avaliable]	losgemelosdesinaloa.com
2025-01-31 19:42:32 [main] INFO  DomainCheckerService - [Avaliable]	javierrosasysuartillerapesada.com
2025-01-31 19:42:33 [main] INFO  DomainCheckerService - [Avaliable]	kubiproducent.com
2025-01-31 19:42:33 [main] INFO  DomainCheckerService - [Avaliable]	nataliajimnez.com
2025-01-31 19:42:33 [main] INFO  DomainCheckerService - [Avaliable]	joanjetttheblackhearts.com
2025-01-31 19:42:34 [main] INFO  DomainCheckerService - [Avaliable]	grupolosdelao.com
2025-01-31 22:48:22 [main] INFO  WebScraper - Scraper inicialized...
2025-01-31 22:49:00 [main] INFO  WebScraper - File Saved! /Users/eniac/Projects/tecnologiadevalor/DomainChecker/src/main/resources/output/artists.txt
2025-01-31 22:49:05 [main] INFO  WebScraper - Checking if it is available ...
2025-01-31 22:49:50 [main] INFO  WebScraper - Scraper inicialized...
2025-01-31 22:49:51 [main] INFO  WebScraper - File Saved! /Users/eniac/Projects/tecnologiadevalor/DomainChecker/src/main/resources/output/artists.txt
2025-01-31 22:49:51 [main] INFO  WebScraper - Checking if it is available ...
2025-01-31 23:04:37 [main] INFO  WebScraper - Scraper inicialized...
2025-01-31 23:04:39 [main] INFO  WebScraper - File Saved! /Users/eniac/Projects/tecnologiadevalor/DomainChecker/src/main/resources/output/artists.txt
2025-01-31 23:04:39 [main] INFO  WebScraper - Checking if it is available ...
2025-01-31 23:04:39 [main] INFO  DomainCheckerService - Running Domain Check ...
2025-01-31 23:04:39 [main] INFO  DomainCheckerService - Reading file... /Users/eniac/Projects/tecnologiadevalor/DomainChecker/src/main/resources/output/artists.txt
2025-01-31 23:07:29 [main] INFO  WebScraper - Scraper inicialized...
2025-01-31 23:07:31 [main] INFO  WebScraper - File saved in /Users/eniac/Projects/tecnologiadevalor/DomainChecker/src/main/resources/output/artists.txt
2025-01-31 23:07:31 [main] INFO  WebScraper - Checking if it is available ...
2025-01-31 23:07:31 [main] INFO  DomainCheckerService - Running Domain Check ...
2025-01-31 23:07:31 [main] INFO  DomainCheckerService - Reading file... /Users/eniac/Projects/tecnologiadevalor/DomainChecker/src/main/resources/output/artists.txt
2025-01-31 23:13:38 [main] INFO  WebScraper - Scraper inicialized...
2025-01-31 23:13:40 [main] INFO  WebScraper - File saved in /Users/eniac/Projects/tecnologiadevalor/DomainChecker/src/main/resources/output/artists.txt
2025-01-31 23:13:40 [main] INFO  WebScraper - Checking if it is available ...
2025-01-31 23:13:40 [main] INFO  DomainCheckerService - Running Domain Check ...
2025-01-31 23:13:40 [main] INFO  DomainCheckerService - Reading file... /Users/eniac/Projects/tecnologiadevalor/DomainChecker/src/main/resources/output/artists.txt
2025-01-31 23:13:44 [main] INFO  DomainCheckerService - File Saved in /Users/eniac/Projects/tecnologiadevalor/DomainChecker/src/main/resources/output/domains-available.txt
2025-01-31 23:15:08 [main] INFO  WebScraper - Scraper inicialized...
2025-01-31 23:15:10 [main] INFO  WebScraper - File saved in /Users/eniac/Projects/tecnologiadevalor/DomainChecker/src/main/resources/output/artists.txt
2025-01-31 23:15:10 [main] INFO  WebScraper - Checking if it is available ...
2025-01-31 23:15:10 [main] INFO  DomainCheckerService - Running Domain Check ...
2025-01-31 23:15:10 [main] INFO  DomainCheckerService - Reading file... /Users/eniac/Projects/tecnologiadevalor/DomainChecker/src/main/resources/output/artists.txt
2025-01-31 23:16:15 [main] INFO  DomainCheckerService - File Saved in /Users/eniac/Projects/tecnologiadevalor/DomainChecker/src/main/resources/output/domains-available.txt
2025-01-31 23:17:05 [main] INFO  WebScraper - Scraper inicialized...
2025-01-31 23:17:08 [main] INFO  WebScraper - File saved in /Users/eniac/Projects/tecnologiadevalor/DomainChecker/src/main/resources/output/artists.txt
2025-01-31 23:17:08 [main] INFO  WebScraper - Checking if it is available ...
2025-01-31 23:17:08 [main] INFO  DomainCheckerService - Running Domain Check ...
2025-01-31 23:17:08 [main] INFO  DomainCheckerService - Reading file... /Users/eniac/Projects/tecnologiadevalor/DomainChecker/src/main/resources/output/artists.txt
2025-01-31 23:17:23 [main] INFO  DomainCheckerService - [Available]	tydollaign.com
2025-01-31 23:17:28 [main] INFO  DomainCheckerService - [Available]	aaprocky.com
2025-01-31 23:17:31 [main] INFO  DomainCheckerService - [Available]	uicideboy.com
2025-01-31 23:17:32 [main] INFO  DomainCheckerService - [Available]	arcngel.com
2025-01-31 23:18:13 [main] INFO  DomainCheckerService - [Available]	engoflow.com
2025-01-31 23:18:19 [main] INFO  DomainCheckerService - [Available]	znetocristiano.com
2025-01-31 23:18:21 [main] INFO  DomainCheckerService - File Saved in /Users/eniac/Projects/tecnologiadevalor/DomainChecker/src/main/resources/output/domains-available.txt
2025-01-31 23:23:56 [main] INFO  WebScraper - Scraper inicialized...
2025-01-31 23:23:58 [main] INFO  WebScraper - File saved in /Users/eniac/Projects/tecnologiadevalor/DomainChecker/src/main/resources/output/artists.txt
2025-01-31 23:23:58 [main] INFO  WebScraper - Checking if it is available ...
2025-01-31 23:23:58 [main] INFO  DomainCheckerService - Running Domain Check ...
2025-01-31 23:23:58 [main] INFO  DomainCheckerService - Reading file... /Users/eniac/Projects/tecnologiadevalor/DomainChecker/src/main/resources/output/artists.txt
2025-01-31 23:24:20 [main] INFO  DomainCheckerService - [Available]	tydollaign.com
2025-01-31 23:24:24 [main] INFO  DomainCheckerService - [Available]	aaprocky.com
2025-01-31 23:24:29 [main] INFO  DomainCheckerService - [Available]	uicideboy.com
2025-01-31 23:25:00 [main] INFO  DomainCheckerService - [Available]	bandamsdesergiolizarraga.com
2025-01-31 23:25:01 [main] INFO  DomainCheckerService - [Available]	zionlennox.com
2025-01-31 23:25:08 [main] INFO  DomainCheckerService - [Available]	wisinyandel.com
2025-01-31 23:25:14 [main] INFO  DomainCheckerService - [Available]	engoflow.com
2025-01-31 23:25:19 [main] INFO  DomainCheckerService - [Available]	zenetocristiano.com
2025-01-31 23:25:23 [main] INFO  DomainCheckerService - [Available]	mneskin.com
2025-01-31 23:25:25 [main] INFO  DomainCheckerService - [Available]	matheuskauan.com
2025-01-31 23:26:04 [main] INFO  DomainCheckerService - [Available]	originalbroadwaycastofhamilton.com
2025-01-31 23:26:12 [main] INFO  DomainCheckerService - [Available]	aapferg.com
2025-01-31 23:27:06 [main] INFO  DomainCheckerService - [Available]	l7nnon.com
2025-01-31 23:27:15 [main] INFO  DomainCheckerService - [Available]	gustavomioto.com
2025-01-31 23:27:17 [main] INFO  DomainCheckerService - [Available]	ollyalexanderyearsyears.com
2025-01-31 23:27:23 [main] INFO  DomainCheckerService - [Available]	thegoogoodolls.com
2025-01-31 23:27:24 [main] INFO  DomainCheckerService - [Available]	caspermagico.com
2025-01-31 23:27:25 [main] INFO  DomainCheckerService - [Available]	grupomenosmais.com
2025-01-31 23:27:25 [main] INFO  DomainCheckerService - [Available]	guilhermebenuto.com
2025-01-31 23:28:00 [main] INFO  DomainCheckerService - [Available]	sashaalexsloan.com
2025-01-31 23:28:03 [main] INFO  DomainCheckerService - [Available]	thepussycatdolls.com
2025-01-31 23:28:03 [main] INFO  DomainCheckerService - [Available]	diegovictorhugo.com
2025-01-31 23:28:08 [main] INFO  DomainCheckerService - [Available]	mckevinho.com
2025-01-31 23:28:13 [main] INFO  DomainCheckerService - [Available]	edenmuoz.com
2025-01-31 23:28:14 [main] INFO  DomainCheckerService - [Available]	lofifruitsmusic.com
2025-01-31 23:28:17 [main] INFO  DomainCheckerService - [Available]	rfsdusol.com
2025-01-31 23:28:22 [main] INFO  DomainCheckerService - [Available]	rafapabn.com
2025-01-31 23:28:23 [main] INFO  DomainCheckerService - [Available]	karstenglck.com
2025-01-31 23:28:26 [main] INFO  DomainCheckerService - [Available]	diekitafrsche.com
2025-01-31 23:29:02 [main] INFO  DomainCheckerService - [Available]	mclivinho.com
2025-01-31 23:29:05 [main] INFO  DomainCheckerService - [Available]	pineapplestormtv.com
2025-01-31 23:29:10 [main] INFO  DomainCheckerService - [Available]	ronnieflex.com
2025-01-31 23:29:11 [main] INFO  DomainCheckerService - [Available]	ellaeyre.com
2025-01-31 23:29:16 [main] INFO  DomainCheckerService - [Available]	laloebratt.com
2025-01-31 23:29:19 [main] INFO  DomainCheckerService - [Available]	angusjuliastone.com
2025-01-31 23:29:23 [main] INFO  DomainCheckerService - [Available]	ngelaaguilar.com
2025-01-31 23:29:24 [main] INFO  DomainCheckerService - [Available]	olexesh.com
2025-01-31 23:30:03 [main] INFO  DomainCheckerService - [Available]	losfabulososcadillacs.com
2025-01-31 23:30:03 [main] INFO  DomainCheckerService - [Available]	londonsymphonyorchestra.com
2025-01-31 23:30:03 [main] INFO  DomainCheckerService - [Available]	dancefruitsmusic.com
2025-01-31 23:30:07 [main] INFO  DomainCheckerService - [Available]	bedoes2115.com
2025-01-31 23:30:12 [main] INFO  DomainCheckerService - [Available]	mgodeoz.com
2025-01-31 23:30:14 [main] INFO  DomainCheckerService - [Available]	simonesimaria.com
2025-01-31 23:30:22 [main] INFO  DomainCheckerService - [Available]	edwinlunaylatrakalosademonterrey.com
2025-01-31 23:30:24 [main] INFO  DomainCheckerService - [Available]	losplebesdelranchodearielcamacho.com
2025-01-31 23:31:12 [main] INFO  DomainCheckerService - [Available]	koolthegang.com
2025-01-31 23:31:13 [main] INFO  DomainCheckerService - [Available]	themamasthepapas.com
2025-01-31 23:31:15 [main] INFO  DomainCheckerService - [Available]	nicovinz.com
2025-01-31 23:32:04 [main] INFO  DomainCheckerService - [Available]	paramparatandon.com
2025-01-31 23:32:07 [main] INFO  DomainCheckerService - [Available]	lucassteve.com
2025-01-31 23:32:09 [main] INFO  DomainCheckerService - [Available]	miksumacloud.com
2025-01-31 23:32:11 [main] INFO  DomainCheckerService - [Available]	pereradj.com
2025-01-31 23:32:11 [main] INFO  DomainCheckerService - [Available]	shekharravjiani.com
2025-01-31 23:32:11 [main] INFO  DomainCheckerService - [Available]	georgehenriquerodrigo.com
2025-01-31 23:32:15 [main] INFO  DomainCheckerService - [Available]	mcjoaozinhovt.com
2025-01-31 23:32:17 [main] INFO  DomainCheckerService - [Available]	pedrolotto.com
2025-01-31 23:32:25 [main] INFO  DomainCheckerService - [Available]	akausserkontrolle.com
2025-01-31 23:32:26 [main] INFO  DomainCheckerService - [Available]	quebonafide.com
2025-01-31 23:32:29 [main] INFO  DomainCheckerService - [Available]	edwardsharpethemagneticzeros.com
2025-01-31 23:32:30 [main] INFO  DomainCheckerService - [Available]	eljordan23.com
2025-01-31 23:32:32 [main] INFO  DomainCheckerService - [Available]	chitaozinhoxororo.com
2025-01-31 23:33:01 [main] INFO  DomainCheckerService - [Available]	hkanhellstrm.com
2025-01-31 23:33:02 [main] INFO  DomainCheckerService - [Available]	marcosbelutti.com
2025-01-31 23:33:04 [main] INFO  DomainCheckerService - [Available]	jatinlalit.com
2025-01-31 23:33:04 [main] INFO  DomainCheckerService - [Available]	lafurarnalds.com
2025-01-31 23:33:06 [main] INFO  DomainCheckerService - [Available]	freezecorleone.com
2025-01-31 23:33:07 [main] INFO  DomainCheckerService - [Available]	bvgabeatz.com
2025-01-31 23:33:13 [main] INFO  DomainCheckerService - [Available]	kausarmunir.com
2025-01-31 23:33:15 [main] INFO  DomainCheckerService - [Available]	claytonromario.com
2025-01-31 23:33:15 [main] INFO  DomainCheckerService - [Available]	rizkyfebian.com
2025-01-31 23:33:17 [main] INFO  DomainCheckerService - [Available]	nickcavethebadseeds.com
2025-01-31 23:33:19 [main] INFO  DomainCheckerService - [Available]	dedublman.com
2025-01-31 23:34:00 [main] INFO  DomainCheckerService - [Available]	bandapequeosmusical.com
2025-01-31 23:34:03 [main] INFO  DomainCheckerService - [Available]	richymitchthecoalminers.com
2025-01-31 23:34:07 [main] INFO  DomainCheckerService - [Available]	paulkalkbrenner.com
2025-01-31 23:34:08 [main] INFO  DomainCheckerService - [Available]	uzielitomix.com
2025-01-31 23:34:09 [main] INFO  DomainCheckerService - [Available]	chancepea.com
2025-01-31 23:34:11 [main] INFO  DomainCheckerService - [Available]	caroegilmar.com
2025-01-31 23:34:15 [main] INFO  DomainCheckerService - [Available]	maeloruiz.com
2025-01-31 23:34:15 [main] INFO  DomainCheckerService - [Available]	gurlezakhtar.com
2025-01-31 23:34:17 [main] INFO  DomainCheckerService - [Available]	bhseonkelz.com
2025-01-31 23:34:18 [main] INFO  DomainCheckerService - [Available]	rondodasosa.com
2025-01-31 23:34:22 [main] INFO  DomainCheckerService - [Available]	mcrick.com
2025-01-31 23:34:23 [main] INFO  DomainCheckerService - [Available]	djglenner.com
2025-01-31 23:34:26 [main] INFO  DomainCheckerService - [Available]	mcjacare.com
2025-01-31 23:34:27 [main] INFO  DomainCheckerService - [Available]	caioluccas.com
2025-01-31 23:35:00 [main] INFO  DomainCheckerService - [Available]	frankievallithefourseasons.com
2025-01-31 23:35:04 [main] INFO  DomainCheckerService - [Available]	liljontheeastsideboyz.com
2025-01-31 23:35:10 [main] INFO  DomainCheckerService - [Available]	lucaslucco.com
2025-01-31 23:35:11 [main] INFO  DomainCheckerService - [Available]	gigoloylaexce.com
2025-01-31 23:35:12 [main] INFO  DomainCheckerService - [Available]	mufasahypeman.com
2025-01-31 23:35:16 [main] INFO  DomainCheckerService - [Available]	massimopericolo.com
2025-01-31 23:35:22 [main] INFO  DomainCheckerService - [Available]	luisalfonsopartidaelyaki.com
2025-01-31 23:35:25 [main] INFO  DomainCheckerService - [Available]	losgemelosdesinaloa.com
2025-01-31 23:35:26 [main] INFO  DomainCheckerService - [Available]	javierrosasysuartilleriapesada.com
2025-01-31 23:35:27 [main] INFO  DomainCheckerService - [Available]	kubiproducent.com
2025-01-31 23:35:28 [main] INFO  DomainCheckerService - [Available]	joanjetttheblackhearts.com
2025-01-31 23:35:28 [main] INFO  DomainCheckerService - [Available]	grupolosdelao.com
2025-01-31 23:35:30 [main] INFO  DomainCheckerService - [Available]	simbalarue.com
2025-01-31 23:36:01 [main] INFO  DomainCheckerService - [Available]	alexandredesplat.com
2025-01-31 23:36:01 [main] INFO  DomainCheckerService - [Available]	jackstaubersmicropop.com
2025-01-31 23:36:03 [main] INFO  DomainCheckerService - [Available]	larswinnerbck.com
2025-01-31 23:36:11 [main] INFO  DomainCheckerService - [Available]	nadsonoferinha.com
2025-01-31 23:36:12 [main] INFO  DomainCheckerService - [Available]	villabanks.com
2025-01-31 23:36:14 [main] INFO  DomainCheckerService - [Available]	tjmonterde.com
2025-01-31 23:36:19 [main] INFO  DomainCheckerService - [Available]	thefontanesisters.com
2025-01-31 23:36:19 [main] INFO  DomainCheckerService - File Saved in /Users/eniac/Projects/tecnologiadevalor/DomainChecker/src/main/resources/output/domains-available.txt
